2021-01-28T06:52:52+00:00 CRITICAL Uncaught Error: Call to undefined function get_cart_subtotal() in C:\xampp\htdocs\Floxia-ecomm\wp-content\themes\floxia-ecomm\includes\section-cart.php:136
Stack trace:
#0 C:\xampp\htdocs\Floxia-ecomm\wp-includes\template-loader.php(106): include()
#1 C:\xampp\htdocs\Floxia-ecomm\wp-blog-header.php(19): require_once('C:\\xampp\\htdocs...')
#2 C:\xampp\htdocs\Floxia-ecomm\index.php(17): require('C:\\xampp\\htdocs...')
#3 {main}
  thrown in C:\xampp\htdocs\Floxia-ecomm\wp-content\themes\floxia-ecomm\includes\section-cart.php on line 136

2021-01-28T07:05:02+00:00 CRITICAL Uncaught ArgumentCountError: Too few arguments to function WC_Cart::apply_coupon(), 0 passed in C:\xampp\htdocs\Floxia-ecomm\wp-content\themes\floxia-ecomm\includes\section-cart.php on line 135 and exactly 1 expected in C:\xampp\htdocs\Floxia-ecomm\wp-content\plugins\woocommerce\includes\class-wc-cart.php:1682
Stack trace:
#0 C:\xampp\htdocs\Floxia-ecomm\wp-content\themes\floxia-ecomm\includes\section-cart.php(135): WC_Cart->apply_coupon()
#1 C:\xampp\htdocs\Floxia-ecomm\wp-includes\template-loader.php(106): include('C:\\xampp\\htdocs...')
#2 C:\xampp\htdocs\Floxia-ecomm\wp-blog-header.php(19): require_once('C:\\xampp\\htdocs...')
#3 C:\xampp\htdocs\Floxia-ecomm\index.php(17): require('C:\\xampp\\htdocs...')
#4 {main}
  thrown in C:\xampp\htdocs\Floxia-ecomm\wp-content\plugins\woocommerce\includes\class-wc-cart.php on line 1682

2021-01-28T07:22:06+00:00 CRITICAL Uncaught ArgumentCountError: Too few arguments to function WC_Cart::apply_coupon(), 0 passed in C:\xampp\htdocs\Floxia-ecomm\wp-content\themes\floxia-ecomm\functions.php on line 73 and exactly 1 expected in C:\xampp\htdocs\Floxia-ecomm\wp-content\plugins\woocommerce\includes\class-wc-cart.php:1682
Stack trace:
#0 C:\xampp\htdocs\Floxia-ecomm\wp-content\themes\floxia-ecomm\functions.php(73): WC_Cart->apply_coupon()
#1 C:\xampp\htdocs\Floxia-ecomm\wp-content\themes\floxia-ecomm\includes\section-cart.php(135): add_coupon_notice()
#2 C:\xampp\htdocs\Floxia-ecomm\wp-includes\template-loader.php(106): include('C:\\xampp\\htdocs...')
#3 C:\xampp\htdocs\Floxia-ecomm\wp-blog-header.php(19): require_once('C:\\xampp\\htdocs...')
#4 C:\xampp\htdocs\Floxia-ecomm\index.php(17): require('C:\\xampp\\htdocs...')
#5 {main}
  thrown in C:\xampp\htdocs\Floxia-ecomm\wp-content\plugins\woocommerce\includes\class-wc-cart.php on line 1682

2021-01-28T07:46:24+00:00 CRITICAL Uncaught Error: Call to undefined function get_coupon_discount_totals() in C:\xampp\htdocs\Floxia-ecomm\wp-content\themes\floxia-ecomm\includes\section-cart.php:135
Stack trace:
#0 C:\xampp\htdocs\Floxia-ecomm\wp-includes\template-loader.php(106): include()
#1 C:\xampp\htdocs\Floxia-ecomm\wp-blog-header.php(19): require_once('C:\\xampp\\htdocs...')
#2 C:\xampp\htdocs\Floxia-ecomm\index.php(17): require('C:\\xampp\\htdocs...')
#3 {main}
  thrown in C:\xampp\htdocs\Floxia-ecomm\wp-content\themes\floxia-ecomm\includes\section-cart.php on line 135

2021-01-28T07:50:30+00:00 CRITICAL Uncaught Error: Call to undefined function get_coupon_codes() in C:\xampp\htdocs\Floxia-ecomm\wp-content\themes\floxia-ecomm\includes\section-cart.php:135
Stack trace:
#0 C:\xampp\htdocs\Floxia-ecomm\wp-includes\template-loader.php(106): include()
#1 C:\xampp\htdocs\Floxia-ecomm\wp-blog-header.php(19): require_once('C:\\xampp\\htdocs...')
#2 C:\xampp\htdocs\Floxia-ecomm\index.php(17): require('C:\\xampp\\htdocs...')
#3 {main}
  thrown in C:\xampp\htdocs\Floxia-ecomm\wp-content\themes\floxia-ecomm\includes\section-cart.php on line 135

2021-01-28T07:51:14+00:00 CRITICAL Uncaught Error: Call to undefined function get_coupon_code() in C:\xampp\htdocs\Floxia-ecomm\wp-content\themes\floxia-ecomm\includes\section-cart.php:135
Stack trace:
#0 C:\xampp\htdocs\Floxia-ecomm\wp-includes\template-loader.php(106): include()
#1 C:\xampp\htdocs\Floxia-ecomm\wp-blog-header.php(19): require_once('C:\\xampp\\htdocs...')
#2 C:\xampp\htdocs\Floxia-ecomm\index.php(17): require('C:\\xampp\\htdocs...')
#3 {main}
  thrown in C:\xampp\htdocs\Floxia-ecomm\wp-content\themes\floxia-ecomm\includes\section-cart.php on line 135

2021-01-28T07:51:23+00:00 CRITICAL Uncaught Error: Call to undefined function get_coupon() in C:\xampp\htdocs\Floxia-ecomm\wp-content\themes\floxia-ecomm\includes\section-cart.php:135
Stack trace:
#0 C:\xampp\htdocs\Floxia-ecomm\wp-includes\template-loader.php(106): include()
#1 C:\xampp\htdocs\Floxia-ecomm\wp-blog-header.php(19): require_once('C:\\xampp\\htdocs...')
#2 C:\xampp\htdocs\Floxia-ecomm\index.php(17): require('C:\\xampp\\htdocs...')
#3 {main}
  thrown in C:\xampp\htdocs\Floxia-ecomm\wp-content\themes\floxia-ecomm\includes\section-cart.php on line 135

2021-01-28T07:55:46+00:00 CRITICAL Uncaught Error: Call to undefined function get_used_coupons() in C:\xampp\htdocs\Floxia-ecomm\wp-content\themes\floxia-ecomm\includes\section-cart.php:135
Stack trace:
#0 C:\xampp\htdocs\Floxia-ecomm\wp-includes\template-loader.php(106): include()
#1 C:\xampp\htdocs\Floxia-ecomm\wp-blog-header.php(19): require_once('C:\\xampp\\htdocs...')
#2 C:\xampp\htdocs\Floxia-ecomm\index.php(17): require('C:\\xampp\\htdocs...')
#3 {main}
  thrown in C:\xampp\htdocs\Floxia-ecomm\wp-content\themes\floxia-ecomm\includes\section-cart.php on line 135

2021-01-28T07:59:36+00:00 CRITICAL Uncaught Error: Using $this when not in object context in C:\xampp\htdocs\Floxia-ecomm\wp-content\themes\floxia-ecomm\functions.php:84
Stack trace:
#0 C:\xampp\htdocs\Floxia-ecomm\wp-content\themes\floxia-ecomm\includes\section-cart.php(135): get_amount()
#1 C:\xampp\htdocs\Floxia-ecomm\wp-includes\template-loader.php(106): include('C:\\xampp\\htdocs...')
#2 C:\xampp\htdocs\Floxia-ecomm\wp-blog-header.php(19): require_once('C:\\xampp\\htdocs...')
#3 C:\xampp\htdocs\Floxia-ecomm\index.php(17): require('C:\\xampp\\htdocs...')
#4 {main}
  thrown in C:\xampp\htdocs\Floxia-ecomm\wp-content\themes\floxia-ecomm\functions.php on line 84

2021-01-28T08:00:02+00:00 CRITICAL Uncaught Error: Using $this when not in object context in C:\xampp\htdocs\Floxia-ecomm\wp-content\themes\floxia-ecomm\functions.php:84
Stack trace:
#0 C:\xampp\htdocs\Floxia-ecomm\wp-content\themes\floxia-ecomm\includes\section-cart.php(135): get_amount()
#1 C:\xampp\htdocs\Floxia-ecomm\wp-includes\template-loader.php(106): include('C:\\xampp\\htdocs...')
#2 C:\xampp\htdocs\Floxia-ecomm\wp-blog-header.php(19): require_once('C:\\xampp\\htdocs...')
#3 C:\xampp\htdocs\Floxia-ecomm\index.php(17): require('C:\\xampp\\htdocs...')
#4 {main}
  thrown in C:\xampp\htdocs\Floxia-ecomm\wp-content\themes\floxia-ecomm\functions.php on line 84

2021-01-28T08:00:04+00:00 CRITICAL Uncaught Error: Using $this when not in object context in C:\xampp\htdocs\Floxia-ecomm\wp-content\themes\floxia-ecomm\functions.php:84
Stack trace:
#0 C:\xampp\htdocs\Floxia-ecomm\wp-content\themes\floxia-ecomm\includes\section-cart.php(135): get_amount()
#1 C:\xampp\htdocs\Floxia-ecomm\wp-includes\template-loader.php(106): include('C:\\xampp\\htdocs...')
#2 C:\xampp\htdocs\Floxia-ecomm\wp-blog-header.php(19): require_once('C:\\xampp\\htdocs...')
#3 C:\xampp\htdocs\Floxia-ecomm\index.php(17): require('C:\\xampp\\htdocs...')
#4 {main}
  thrown in C:\xampp\htdocs\Floxia-ecomm\wp-content\themes\floxia-ecomm\functions.php on line 84

2021-01-28T08:00:22+00:00 CRITICAL Uncaught Error: Call to undefined function get_amount() in C:\xampp\htdocs\Floxia-ecomm\wp-content\themes\floxia-ecomm\includes\section-cart.php:135
Stack trace:
#0 C:\xampp\htdocs\Floxia-ecomm\wp-includes\template-loader.php(106): include()
#1 C:\xampp\htdocs\Floxia-ecomm\wp-blog-header.php(19): require_once('C:\\xampp\\htdocs...')
#2 C:\xampp\htdocs\Floxia-ecomm\index.php(17): require('C:\\xampp\\htdocs...')
#3 {main}
  thrown in C:\xampp\htdocs\Floxia-ecomm\wp-content\themes\floxia-ecomm\includes\section-cart.php on line 135

2021-01-28T08:01:34+00:00 CRITICAL Uncaught ArgumentCountError: Too few arguments to function WC_Coupon::get_discount_amount(), 0 passed in C:\xampp\htdocs\Floxia-ecomm\wp-content\themes\floxia-ecomm\includes\section-cart.php on line 135 and at least 1 expected in C:\xampp\htdocs\Floxia-ecomm\wp-content\plugins\woocommerce\includes\class-wc-coupon.php:425
Stack trace:
#0 C:\xampp\htdocs\Floxia-ecomm\wp-content\themes\floxia-ecomm\includes\section-cart.php(135): WC_Coupon::get_discount_amount()
#1 C:\xampp\htdocs\Floxia-ecomm\wp-includes\template-loader.php(106): include('C:\\xampp\\htdocs...')
#2 C:\xampp\htdocs\Floxia-ecomm\wp-blog-header.php(19): require_once('C:\\xampp\\htdocs...')
#3 C:\xampp\htdocs\Floxia-ecomm\index.php(17): require('C:\\xampp\\htdocs...')
#4 {main}
  thrown in C:\xampp\htdocs\Floxia-ecomm\wp-content\plugins\woocommerce\includes\class-wc-coupon.php on line 425

2021-01-28T08:02:19+00:00 CRITICAL Uncaught Error: Call to undefined method WC_Cart::get_discount_amount() in C:\xampp\htdocs\Floxia-ecomm\wp-content\themes\floxia-ecomm\includes\section-cart.php:135
Stack trace:
#0 C:\xampp\htdocs\Floxia-ecomm\wp-includes\template-loader.php(106): include()
#1 C:\xampp\htdocs\Floxia-ecomm\wp-blog-header.php(19): require_once('C:\\xampp\\htdocs...')
#2 C:\xampp\htdocs\Floxia-ecomm\index.php(17): require('C:\\xampp\\htdocs...')
#3 {main}
  thrown in C:\xampp\htdocs\Floxia-ecomm\wp-content\themes\floxia-ecomm\includes\section-cart.php on line 135

2021-01-28T08:02:26+00:00 CRITICAL Uncaught Error: Call to undefined method WC_Cart::discount_amount() in C:\xampp\htdocs\Floxia-ecomm\wp-content\themes\floxia-ecomm\includes\section-cart.php:135
Stack trace:
#0 C:\xampp\htdocs\Floxia-ecomm\wp-includes\template-loader.php(106): include()
#1 C:\xampp\htdocs\Floxia-ecomm\wp-blog-header.php(19): require_once('C:\\xampp\\htdocs...')
#2 C:\xampp\htdocs\Floxia-ecomm\index.php(17): require('C:\\xampp\\htdocs...')
#3 {main}
  thrown in C:\xampp\htdocs\Floxia-ecomm\wp-content\themes\floxia-ecomm\includes\section-cart.php on line 135

2021-01-28T08:04:08+00:00 CRITICAL Uncaught Error: Call to undefined method WooCommerce::show_messages() in C:\xampp\htdocs\Floxia-ecomm\wp-content\themes\floxia-ecomm\functions.php:67
Stack trace:
#0 C:\xampp\htdocs\Floxia-ecomm\wp-content\themes\floxia-ecomm\includes\section-cart.php(135): discount_when_produts_in_cart()
#1 C:\xampp\htdocs\Floxia-ecomm\wp-includes\template-loader.php(106): include('C:\\xampp\\htdocs...')
#2 C:\xampp\htdocs\Floxia-ecomm\wp-blog-header.php(19): require_once('C:\\xampp\\htdocs...')
#3 C:\xampp\htdocs\Floxia-ecomm\index.php(17): require('C:\\xampp\\htdocs...')
#4 {main}
  thrown in C:\xampp\htdocs\Floxia-ecomm\wp-content\themes\floxia-ecomm\functions.php on line 67

2021-01-28T08:06:21+00:00 CRITICAL Uncaught Error: Call to undefined function discount_when_produts_in_cart() in C:\xampp\htdocs\Floxia-ecomm\wp-content\themes\floxia-ecomm\includes\section-cart.php:135
Stack trace:
#0 C:\xampp\htdocs\Floxia-ecomm\wp-includes\template-loader.php(106): include()
#1 C:\xampp\htdocs\Floxia-ecomm\wp-blog-header.php(19): require_once('C:\\xampp\\htdocs...')
#2 C:\xampp\htdocs\Floxia-ecomm\index.php(17): require('C:\\xampp\\htdocs...')
#3 {main}
  thrown in C:\xampp\htdocs\Floxia-ecomm\wp-content\themes\floxia-ecomm\includes\section-cart.php on line 135

2021-01-28T08:20:02+00:00 CRITICAL Uncaught ArgumentCountError: Too few arguments to function get_post_meta(), 0 passed in C:\xampp\htdocs\Floxia-ecomm\wp-content\themes\floxia-ecomm\includes\section-cart.php on line 173 and at least 1 expected in C:\xampp\htdocs\Floxia-ecomm\wp-includes\post.php:2137
Stack trace:
#0 C:\xampp\htdocs\Floxia-ecomm\wp-content\themes\floxia-ecomm\includes\section-cart.php(173): get_post_meta()
#1 C:\xampp\htdocs\Floxia-ecomm\wp-includes\template-loader.php(106): include('C:\\xampp\\htdocs...')
#2 C:\xampp\htdocs\Floxia-ecomm\wp-blog-header.php(19): require_once('C:\\xampp\\htdocs...')
#3 C:\xampp\htdocs\Floxia-ecomm\index.php(17): require('C:\\xampp\\htdocs...')
#4 {main}
  thrown in C:\xampp\htdocs\Floxia-ecomm\wp-includes\post.php on line 2137

2021-01-28T09:15:50+00:00 CRITICAL Uncaught ArgumentCountError: Too few arguments to function get_price_html_from_to(), 0 passed in C:\xampp\htdocs\Floxia-ecomm\wp-content\themes\floxia-ecomm\includes\section-cart.php on line 135 and exactly 2 expected in C:\xampp\htdocs\Floxia-ecomm\wp-content\themes\floxia-ecomm\functions.php:83
Stack trace:
#0 C:\xampp\htdocs\Floxia-ecomm\wp-content\themes\floxia-ecomm\includes\section-cart.php(135): get_price_html_from_to()
#1 C:\xampp\htdocs\Floxia-ecomm\wp-includes\template-loader.php(106): include('C:\\xampp\\htdocs...')
#2 C:\xampp\htdocs\Floxia-ecomm\wp-blog-header.php(19): require_once('C:\\xampp\\htdocs...')
#3 C:\xampp\htdocs\Floxia-ecomm\index.php(17): require('C:\\xampp\\htdocs...')
#4 {main}
  thrown in C:\xampp\htdocs\Floxia-ecomm\wp-content\themes\floxia-ecomm\functions.php on line 83

2021-01-28T09:16:11+00:00 CRITICAL Uncaught Error: Using $this when not in object context in C:\xampp\htdocs\Floxia-ecomm\wp-content\themes\floxia-ecomm\functions.php:85
Stack trace:
#0 C:\xampp\htdocs\Floxia-ecomm\wp-content\themes\floxia-ecomm\includes\section-cart.php(135): get_price_html_from_to(NULL, NULL)
#1 C:\xampp\htdocs\Floxia-ecomm\wp-includes\template-loader.php(106): include('C:\\xampp\\htdocs...')
#2 C:\xampp\htdocs\Floxia-ecomm\wp-blog-header.php(19): require_once('C:\\xampp\\htdocs...')
#3 C:\xampp\htdocs\Floxia-ecomm\index.php(17): require('C:\\xampp\\htdocs...')
#4 {main}
  thrown in C:\xampp\htdocs\Floxia-ecomm\wp-content\themes\floxia-ecomm\functions.php on line 85

2021-01-28T09:17:18+00:00 CRITICAL Uncaught Error: Call to undefined function woocommerce_get_price_html_from_to() in C:\xampp\htdocs\Floxia-ecomm\wp-content\themes\floxia-ecomm\includes\section-cart.php:135
Stack trace:
#0 C:\xampp\htdocs\Floxia-ecomm\wp-includes\template-loader.php(106): include()
#1 C:\xampp\htdocs\Floxia-ecomm\wp-blog-header.php(19): require_once('C:\\xampp\\htdocs...')
#2 C:\xampp\htdocs\Floxia-ecomm\index.php(17): require('C:\\xampp\\htdocs...')
#3 {main}
  thrown in C:\xampp\htdocs\Floxia-ecomm\wp-content\themes\floxia-ecomm\includes\section-cart.php on line 135

2021-01-28T09:18:04+00:00 CRITICAL Uncaught ArgumentCountError: Too few arguments to function get_price_html_from_to(), 0 passed in C:\xampp\htdocs\Floxia-ecomm\wp-content\themes\floxia-ecomm\includes\section-cart.php on line 135 and exactly 2 expected in C:\xampp\htdocs\Floxia-ecomm\wp-content\themes\floxia-ecomm\functions.php:83
Stack trace:
#0 C:\xampp\htdocs\Floxia-ecomm\wp-content\themes\floxia-ecomm\includes\section-cart.php(135): get_price_html_from_to()
#1 C:\xampp\htdocs\Floxia-ecomm\wp-includes\template-loader.php(106): include('C:\\xampp\\htdocs...')
#2 C:\xampp\htdocs\Floxia-ecomm\wp-blog-header.php(19): require_once('C:\\xampp\\htdocs...')
#3 C:\xampp\htdocs\Floxia-ecomm\index.php(17): require('C:\\xampp\\htdocs...')
#4 {main}
  thrown in C:\xampp\htdocs\Floxia-ecomm\wp-content\themes\floxia-ecomm\functions.php on line 83

2021-01-28T09:18:28+00:00 CRITICAL Uncaught Error: Using $this when not in object context in C:\xampp\htdocs\Floxia-ecomm\wp-content\themes\floxia-ecomm\functions.php:86
Stack trace:
#0 C:\xampp\htdocs\Floxia-ecomm\wp-content\themes\floxia-ecomm\includes\section-cart.php(135): get_price_html_from_to(NULL, NULL)
#1 C:\xampp\htdocs\Floxia-ecomm\wp-includes\template-loader.php(106): include('C:\\xampp\\htdocs...')
#2 C:\xampp\htdocs\Floxia-ecomm\wp-blog-header.php(19): require_once('C:\\xampp\\htdocs...')
#3 C:\xampp\htdocs\Floxia-ecomm\index.php(17): require('C:\\xampp\\htdocs...')
#4 {main}
  thrown in C:\xampp\htdocs\Floxia-ecomm\wp-content\themes\floxia-ecomm\functions.php on line 86

2021-01-28T09:19:56+00:00 CRITICAL Uncaught ArgumentCountError: Too few arguments to function get_price_html_from_to(), 1 passed in C:\xampp\htdocs\Floxia-ecomm\wp-content\themes\floxia-ecomm\includes\section-cart.php on line 135 and exactly 2 expected in C:\xampp\htdocs\Floxia-ecomm\wp-content\themes\floxia-ecomm\functions.php:83
Stack trace:
#0 C:\xampp\htdocs\Floxia-ecomm\wp-content\themes\floxia-ecomm\includes\section-cart.php(135): get_price_html_from_to(NULL)
#1 C:\xampp\htdocs\Floxia-ecomm\wp-includes\template-loader.php(106): include('C:\\xampp\\htdocs...')
#2 C:\xampp\htdocs\Floxia-ecomm\wp-blog-header.php(19): require_once('C:\\xampp\\htdocs...')
#3 C:\xampp\htdocs\Floxia-ecomm\index.php(17): require('C:\\xampp\\htdocs...')
#4 {main}
  thrown in C:\xampp\htdocs\Floxia-ecomm\wp-content\themes\floxia-ecomm\functions.php on line 83

2021-01-28T09:59:12+00:00 CRITICAL Object of class WP_Post could not be converted to string in C:\xampp\htdocs\Floxia-ecomm\wp-content\themes\floxia-ecomm\includes\section-cart.php on line 139

2021-01-28T10:00:18+00:00 CRITICAL Uncaught Error: Call to undefined method WP_Post::post_excerpt() in C:\xampp\htdocs\Floxia-ecomm\wp-content\themes\floxia-ecomm\includes\section-cart.php:139
Stack trace:
#0 C:\xampp\htdocs\Floxia-ecomm\wp-includes\template-loader.php(106): include()
#1 C:\xampp\htdocs\Floxia-ecomm\wp-blog-header.php(19): require_once('C:\\xampp\\htdocs...')
#2 C:\xampp\htdocs\Floxia-ecomm\index.php(17): require('C:\\xampp\\htdocs...')
#3 {main}
  thrown in C:\xampp\htdocs\Floxia-ecomm\wp-content\themes\floxia-ecomm\includes\section-cart.php on line 139

2021-01-28T10:02:48+00:00 CRITICAL Uncaught Error: Call to undefined function do_short_code() in C:\xampp\htdocs\Floxia-ecomm\wp-content\themes\floxia-ecomm\includes\section-cart.php:138
Stack trace:
#0 C:\xampp\htdocs\Floxia-ecomm\wp-includes\template-loader.php(106): include()
#1 C:\xampp\htdocs\Floxia-ecomm\wp-blog-header.php(19): require_once('C:\\xampp\\htdocs...')
#2 C:\xampp\htdocs\Floxia-ecomm\index.php(17): require('C:\\xampp\\htdocs...')
#3 {main}
  thrown in C:\xampp\htdocs\Floxia-ecomm\wp-content\themes\floxia-ecomm\includes\section-cart.php on line 138

2021-01-28T10:10:13+00:00 CRITICAL Uncaught Error: Call to undefined method WC_Cart::applied_coupons() in C:\xampp\htdocs\Floxia-ecomm\wp-content\themes\floxia-ecomm\includes\section-cart.php:138
Stack trace:
#0 C:\xampp\htdocs\Floxia-ecomm\wp-includes\template-loader.php(106): include()
#1 C:\xampp\htdocs\Floxia-ecomm\wp-blog-header.php(19): require_once('C:\\xampp\\htdocs...')
#2 C:\xampp\htdocs\Floxia-ecomm\index.php(17): require('C:\\xampp\\htdocs...')
#3 {main}
  thrown in C:\xampp\htdocs\Floxia-ecomm\wp-content\themes\floxia-ecomm\includes\section-cart.php on line 138

2021-01-28T10:28:18+00:00 CRITICAL Uncaught Error: Cannot use object of type WC_Session_Handler as array in C:\xampp\htdocs\Floxia-ecomm\wp-content\themes\floxia-ecomm\includes\section-cart.php:178
Stack trace:
#0 C:\xampp\htdocs\Floxia-ecomm\wp-includes\template-loader.php(106): include()
#1 C:\xampp\htdocs\Floxia-ecomm\wp-blog-header.php(19): require_once('C:\\xampp\\htdocs...')
#2 C:\xampp\htdocs\Floxia-ecomm\index.php(17): require('C:\\xampp\\htdocs...')
#3 {main}
  thrown in C:\xampp\htdocs\Floxia-ecomm\wp-content\themes\floxia-ecomm\includes\section-cart.php on line 178

2021-01-28T10:33:16+00:00 CRITICAL Uncaught Error: Call to undefined function WC_Coupon() in C:\xampp\htdocs\Floxia-ecomm\wp-content\themes\floxia-ecomm\includes\section-cart.php:174
Stack trace:
#0 C:\xampp\htdocs\Floxia-ecomm\wp-includes\template-loader.php(106): include()
#1 C:\xampp\htdocs\Floxia-ecomm\wp-blog-header.php(19): require_once('C:\\xampp\\htdocs...')
#2 C:\xampp\htdocs\Floxia-ecomm\index.php(17): require('C:\\xampp\\htdocs...')
#3 {main}
  thrown in C:\xampp\htdocs\Floxia-ecomm\wp-content\themes\floxia-ecomm\includes\section-cart.php on line 174

2021-01-28T10:33:55+00:00 CRITICAL Uncaught Error: Call to a member function get_coupons() on null in C:\xampp\htdocs\Floxia-ecomm\wp-content\themes\floxia-ecomm\includes\section-cart.php:174
Stack trace:
#0 C:\xampp\htdocs\Floxia-ecomm\wp-includes\template-loader.php(106): include()
#1 C:\xampp\htdocs\Floxia-ecomm\wp-blog-header.php(19): require_once('C:\\xampp\\htdocs...')
#2 C:\xampp\htdocs\Floxia-ecomm\index.php(17): require('C:\\xampp\\htdocs...')
#3 {main}
  thrown in C:\xampp\htdocs\Floxia-ecomm\wp-content\themes\floxia-ecomm\includes\section-cart.php on line 174

2021-01-28T10:37:45+00:00 CRITICAL Uncaught Error: Call to undefined function woocommerce_order_amount_discount_total() in C:\xampp\htdocs\Floxia-ecomm\wp-content\themes\floxia-ecomm\includes\section-cart.php:178
Stack trace:
#0 C:\xampp\htdocs\Floxia-ecomm\wp-includes\template-loader.php(106): include()
#1 C:\xampp\htdocs\Floxia-ecomm\wp-blog-header.php(19): require_once('C:\\xampp\\htdocs...')
#2 C:\xampp\htdocs\Floxia-ecomm\index.php(17): require('C:\\xampp\\htdocs...')
#3 {main}
  thrown in C:\xampp\htdocs\Floxia-ecomm\wp-content\themes\floxia-ecomm\includes\section-cart.php on line 178

